["2025-04-04T11:08:23.118", "DEBUG", "ubuntupro.config", "parse_config", 633, "Using client configuration file at /etc/ubuntu-advantage/uaclient.conf", {}]
["2025-04-04T11:08:23.120", "DEBUG", "ubuntupro.system", "load_file", 517, "Reading file: /etc/ubuntu-advantage/uaclient.conf", {}]
["2025-04-04T11:08:23.123", "DEBUG", "ubuntupro.files.files", "read", 60, "Tried to load /var/lib/ubuntu-advantage/user-config.json but file does not exist", {}]
["2025-04-04T11:08:23.139", "DEBUG", "ubuntupro.http", "configure_web_proxy", 146, "Setting no_proxy: 169.254.169.254,[fd00:ec2::254],metadata", {}]
["2025-04-04T11:08:23.140", "DEBUG", "ubuntupro.http", "configure_web_proxy", 154, "Setting global proxy dict", {}]
["2025-04-04T11:08:23.140", "DEBUG", "ubuntupro.cli", "main", 1821, "Executed with sys.argv: ['/usr/bin/pro', 'security-status', '--format=json']", {}]
["2025-04-04T11:08:23.140", "DEBUG", "ubuntupro.files.files", "read", 60, "Tried to load /var/lib/ubuntu-advantage/machine-token.json but file does not exist", {}]
["2025-04-04T11:08:23.857", "DEBUG", "ubuntupro.system", "load_file", 517, "Reading file: /etc/os-release", {}]
["2025-04-04T11:08:23.899", "DEBUG", "ubuntupro.livepatch", "status", 126, "canonical-livepatch is not installed", {}]
["2025-04-04T11:08:23.900", "DEBUG", "ubuntupro.livepatch", "status", 126, "canonical-livepatch is not installed", {}]
["2025-04-04T11:08:23.900", "DEBUG", "ubuntupro.system", "load_file", 517, "Reading file: /proc/version_signature", {}]
["2025-04-04T11:08:23.910", "WARNING", "ubuntupro.system", "_get_kernel_build_date", 131, "Unable to parse build date from uname version", {}]
["2025-04-04T11:08:23.940", "WARNING", "ubuntupro.system", "_get_kernel_changelog_timestamp", 104, "Falling back to using timestamp of kernel changelog", {}]
["2025-04-04T11:12:00.704", "DEBUG", "ubuntupro.config", "parse_config", 633, "Using client configuration file at /etc/ubuntu-advantage/uaclient.conf", {}]
["2025-04-04T11:12:00.704", "DEBUG", "ubuntupro.system", "load_file", 517, "Reading file: /etc/ubuntu-advantage/uaclient.conf", {}]
["2025-04-04T11:12:00.705", "DEBUG", "ubuntupro.files.files", "read", 60, "Tried to load /var/lib/ubuntu-advantage/user-config.json but file does not exist", {}]
["2025-04-04T11:12:00.721", "DEBUG", "ubuntupro.http", "configure_web_proxy", 146, "Setting no_proxy: 169.254.169.254,[fd00:ec2::254],metadata", {}]
["2025-04-04T11:12:00.722", "DEBUG", "ubuntupro.http", "configure_web_proxy", 154, "Setting global proxy dict", {}]
["2025-04-04T11:12:00.722", "DEBUG", "ubuntupro.cli", "main", 1821, "Executed with sys.argv: ['/usr/bin/ua', 'status', '--format=json']", {}]
["2025-04-04T11:12:00.722", "DEBUG", "ubuntupro.files.files", "read", 60, "Tried to load /var/lib/ubuntu-advantage/machine-token.json but file does not exist", {}]
["2025-04-04T11:12:00.722", "DEBUG", "ubuntupro.system", "load_file", 517, "Reading file: /etc/os-release", {}]
["2025-04-04T11:12:00.723", "DEBUG", "ubuntupro.system", "load_file", 517, "Reading file: /proc/version_signature", {}]
["2025-04-04T11:12:00.726", "WARNING", "ubuntupro.system", "_get_kernel_build_date", 131, "Unable to parse build date from uname version", {}]
["2025-04-04T11:12:00.748", "WARNING", "ubuntupro.system", "_get_kernel_changelog_timestamp", 104, "Falling back to using timestamp of kernel changelog", {}]
["2025-04-04T11:12:01.524", "DEBUG", "ubuntupro.files.files", "read", 60, "Tried to load /var/lib/ubuntu-advantage/machine-token.json but file does not exist", {}]
["2025-04-04T11:12:01.536", "DEBUG", "ubuntupro.http", "readurl", 348, "URL [GET]: https://contracts.canonical.com/v1/resources?architecture=amd64&kernel=6.8.0-57-generic&series=jammy&virt=oracle, headers: {'accept': 'application/json', 'content-type': 'application/json', 'user-agent': 'UA-Client/30~22.04'}, data: None", {}]
["2025-04-04T11:12:01.536", "DEBUG", "ubuntupro.http", "should_use_pycurl", 207, "Should use pycurl: False", {}]
["2025-04-04T11:12:03.502", "DEBUG", "ubuntupro.http", "readurl", 388, "URL [GET] response: https://contracts.canonical.com/v1/resources?architecture=amd64&kernel=6.8.0-57-generic&series=jammy&virt=oracle, headers: {'accept-ranges': 'bytes', 'cache-control': 'no-store, max-age=0', 'connection': 'close', 'content-length': '883', 'content-type': 'application/json', 'date': 'Fri, 04 Apr 2025 02:12:03 GMT', 'server': 'nginx/1.18.0 (Ubuntu)', 'strict-transport-security': 'max-age=15724800; includeSubDomains', 'x-cache-status': 'MISS from content-cache-il3/1', 'x-trace-id': '25f7c20c-c784-4e9a-bfe9-761e9be4c780'}, data: {'resources': [{'available': True, 'name': 'anbox-cloud'}, {'available': True, 'name': 'anbox-images'}, {'available': True, 'name': 'cc'}, {'available': False, 'name': 'cc-eal'}, {'available': True, 'name': 'cis', 'presentedAs': 'usg'}, {'available': False, 'name': 'esm'}, {'available': True, 'name': 'esm-apps'}, {'available': False, 'name': 'esm-apps-python'}, {'available': True, 'name': 'esm-infra'}, {'available': False, 'name': 'esm-infra-legacy'}, {'available': False, 'name': 'esm-python'}, {'available': False, 'name': 'esm-ros'}, {'available': False, 'name': 'fips'}, {'available': True, 'name': 'fips-preview'}, {'available': True, 'name': 'fips-updates'}, {'available': False, 'name': 'landscape'}, {'available': True, 'name': 'livepatch'}, {'available': True, 'name': 'livepatch-onprem'}, {'available': True, 'name': 'realtime-kernel'}, {'available': False, 'name': 'ros'}, {'available': False, 'name': 'ros-updates'}, {'available': True, 'name': 'support'}]}", {}]
["2025-04-04T11:12:03.502", "DEBUG", "ubuntupro.status", "_unattached_status", 295, "Ignoring availability of unknown service anbox-images from contract server", {}]
["2025-04-04T11:12:03.503", "DEBUG", "ubuntupro.status", "_unattached_status", 295, "Ignoring availability of unknown service cc from contract server", {}]
["2025-04-04T11:12:03.503", "DEBUG", "ubuntupro.status", "_unattached_status", 295, "Ignoring availability of unknown service esm from contract server", {}]
["2025-04-04T11:12:03.503", "DEBUG", "ubuntupro.status", "_unattached_status", 295, "Ignoring availability of unknown service esm-apps-python from contract server", {}]
["2025-04-04T11:12:03.503", "DEBUG", "ubuntupro.status", "_unattached_status", 295, "Ignoring availability of unknown service esm-infra-legacy from contract server", {}]
["2025-04-04T11:12:03.503", "DEBUG", "ubuntupro.status", "_unattached_status", 295, "Ignoring availability of unknown service esm-python from contract server", {}]
["2025-04-04T11:12:03.503", "DEBUG", "ubuntupro.status", "_unattached_status", 295, "Ignoring availability of unknown service esm-ros from contract server", {}]
["2025-04-04T11:12:03.504", "DEBUG", "ubuntupro.livepatch", "status", 126, "canonical-livepatch is not installed", {}]
["2025-04-04T11:12:03.504", "DEBUG", "ubuntupro.files.files", "read", 60, "Tried to load /home/ldldo/.cache/ubuntu-pro/livepatch-kernel-support-cache.json but file does not exist", {}]
["2025-04-04T11:12:03.504", "DEBUG", "ubuntupro.livepatch", "on_supported_kernel", 349, "using livepatch support api", {}]
["2025-04-04T11:12:03.504", "DEBUG", "ubuntupro.config", "parse_config", 633, "Using client configuration file at /etc/ubuntu-advantage/uaclient.conf", {}]
["2025-04-04T11:12:03.504", "DEBUG", "ubuntupro.system", "load_file", 517, "Reading file: /etc/ubuntu-advantage/uaclient.conf", {}]
["2025-04-04T11:12:03.505", "DEBUG", "ubuntupro.files.files", "read", 60, "Tried to load /var/lib/ubuntu-advantage/user-config.json but file does not exist", {}]
["2025-04-04T11:12:03.505", "DEBUG", "ubuntupro.http", "readurl", 348, "URL [GET]: https://livepatch.canonical.com/v1/api/kernels/supported?architecture=amd64&build-date=2025-03-19T14%3A19%3A04%2B00%3A00&codename=jammy&flavour=generic&kernel-version=6.8, headers: {'accept': 'application/json', 'content-type': 'application/json', 'user-agent': 'UA-Client/30~22.04'}, data: None", {}]
["2025-04-04T11:12:03.506", "DEBUG", "ubuntupro.http", "should_use_pycurl", 207, "Should use pycurl: False", {}]
["2025-04-04T11:12:04.630", "DEBUG", "ubuntupro.http", "readurl", 388, "URL [GET] response: https://livepatch.canonical.com/v1/api/kernels/supported?architecture=amd64&build-date=2025-03-19T14%3A19%3A04%2B00%3A00&codename=jammy&flavour=generic&kernel-version=6.8, headers: {'accept-ranges': 'bytes', 'cache-control': 'no-store, max-age=0', 'connection': 'close', 'content-length': '58', 'content-type': 'application/json', 'date': 'Fri, 04 Apr 2025 02:12:04 GMT', 'server': 'nginx/1.18.0 (Ubuntu)', 'strict-transport-security': 'max-age=15724800; includeSubDomains', 'x-cache-status': 'MISS from content-cache-il3/1'}, data: {'SruDate': datetime.datetime(2026, 4, 19, 14, 19, 4, tzinfo=datetime.timezone.utc), 'Supported': 'supported'}", {}]
["2025-04-04T11:12:04.636", "DEBUG", "ubuntupro.system", "write_file", 556, "Writing file /home/ldldo/.cache/ubuntu-pro/livepatch-kernel-support-cache.json atomically via tempfile /home/ldldo/.cache/ubuntu-pro/tmpf243ynmr", {}]
["2025-04-04T11:12:04.637", "DEBUG", "ubuntupro.status", "_unattached_status", 295, "Ignoring availability of unknown service livepatch-onprem from contract server", {}]
["2025-04-04T11:12:04.638", "DEBUG", "ubuntupro.status", "_unattached_status", 295, "Ignoring availability of unknown service support from contract server", {}]
["2025-04-04T11:12:30.714", "DEBUG", "ubuntupro.config", "parse_config", 633, "Using client configuration file at /etc/ubuntu-advantage/uaclient.conf", {}]
["2025-04-04T11:12:30.714", "DEBUG", "ubuntupro.system", "load_file", 517, "Reading file: /etc/ubuntu-advantage/uaclient.conf", {}]
["2025-04-04T11:12:30.715", "DEBUG", "ubuntupro.files.files", "read", 60, "Tried to load /var/lib/ubuntu-advantage/user-config.json but file does not exist", {}]
["2025-04-04T11:12:30.730", "DEBUG", "ubuntupro.http", "configure_web_proxy", 146, "Setting no_proxy: 169.254.169.254,[fd00:ec2::254],metadata", {}]
["2025-04-04T11:12:30.730", "DEBUG", "ubuntupro.http", "configure_web_proxy", 154, "Setting global proxy dict", {}]
["2025-04-04T11:12:30.730", "DEBUG", "ubuntupro.cli", "main", 1821, "Executed with sys.argv: ['/usr/bin/pro', 'security-status', '--format=json']", {}]
["2025-04-04T11:12:30.730", "DEBUG", "ubuntupro.files.files", "read", 60, "Tried to load /var/lib/ubuntu-advantage/machine-token.json but file does not exist", {}]
["2025-04-04T11:12:31.731", "DEBUG", "ubuntupro.system", "load_file", 517, "Reading file: /etc/os-release", {}]
["2025-04-04T11:12:31.773", "DEBUG", "ubuntupro.livepatch", "status", 126, "canonical-livepatch is not installed", {}]
["2025-04-04T11:12:31.774", "DEBUG", "ubuntupro.livepatch", "status", 126, "canonical-livepatch is not installed", {}]
["2025-04-04T11:12:31.774", "DEBUG", "ubuntupro.system", "load_file", 517, "Reading file: /proc/version_signature", {}]
["2025-04-04T11:12:31.783", "WARNING", "ubuntupro.system", "_get_kernel_build_date", 131, "Unable to parse build date from uname version", {}]
["2025-04-04T11:12:31.810", "WARNING", "ubuntupro.system", "_get_kernel_changelog_timestamp", 104, "Falling back to using timestamp of kernel changelog", {}]
["2025-04-12T18:57:12.375", "DEBUG", "ubuntupro.config", "parse_config", 633, "Using client configuration file at /etc/ubuntu-advantage/uaclient.conf", {}]
["2025-04-12T18:57:12.376", "DEBUG", "ubuntupro.system", "load_file", 517, "Reading file: /etc/ubuntu-advantage/uaclient.conf", {}]
["2025-04-12T18:57:12.378", "DEBUG", "ubuntupro.files.files", "read", 60, "Tried to load /var/lib/ubuntu-advantage/user-config.json but file does not exist", {}]
["2025-04-12T18:57:12.388", "DEBUG", "ubuntupro.http", "configure_web_proxy", 146, "Setting no_proxy: 169.254.169.254,[fd00:ec2::254],metadata", {}]
["2025-04-12T18:57:12.389", "DEBUG", "ubuntupro.http", "configure_web_proxy", 154, "Setting global proxy dict", {}]
["2025-04-12T18:57:12.389", "DEBUG", "ubuntupro.cli", "main", 1821, "Executed with sys.argv: ['/usr/bin/pro', 'security-status', '--format=json']", {}]
["2025-04-12T18:57:12.389", "DEBUG", "ubuntupro.files.files", "read", 60, "Tried to load /var/lib/ubuntu-advantage/machine-token.json but file does not exist", {}]
["2025-04-12T18:57:12.856", "DEBUG", "ubuntupro.system", "load_file", 517, "Reading file: /etc/os-release", {}]
["2025-04-12T18:57:12.877", "DEBUG", "ubuntupro.livepatch", "status", 126, "canonical-livepatch is not installed", {}]
["2025-04-12T18:57:12.878", "DEBUG", "ubuntupro.livepatch", "status", 126, "canonical-livepatch is not installed", {}]
["2025-04-12T18:57:12.878", "DEBUG", "ubuntupro.system", "load_file", 517, "Reading file: /proc/version_signature", {}]
["2025-04-12T18:57:12.883", "WARNING", "ubuntupro.system", "_get_kernel_build_date", 131, "Unable to parse build date from uname version", {}]
["2025-04-12T18:57:12.897", "WARNING", "ubuntupro.system", "_get_kernel_changelog_timestamp", 104, "Falling back to using timestamp of kernel changelog", {}]
["2025-04-20T21:08:08.787", "DEBUG", "ubuntupro.config", "parse_config", 633, "Using client configuration file at /etc/ubuntu-advantage/uaclient.conf", {}]
["2025-04-20T21:08:08.789", "DEBUG", "ubuntupro.system", "load_file", 517, "Reading file: /etc/ubuntu-advantage/uaclient.conf", {}]
["2025-04-20T21:08:08.791", "DEBUG", "ubuntupro.files.files", "read", 60, "Tried to load /var/lib/ubuntu-advantage/user-config.json but file does not exist", {}]
["2025-04-20T21:08:08.804", "DEBUG", "ubuntupro.http", "configure_web_proxy", 146, "Setting no_proxy: 169.254.169.254,[fd00:ec2::254],metadata", {}]
["2025-04-20T21:08:08.804", "DEBUG", "ubuntupro.http", "configure_web_proxy", 154, "Setting global proxy dict", {}]
["2025-04-20T21:08:08.804", "DEBUG", "ubuntupro.cli", "main", 1821, "Executed with sys.argv: ['/usr/bin/pro', 'security-status', '--format=json']", {}]
["2025-04-20T21:08:08.804", "DEBUG", "ubuntupro.files.files", "read", 60, "Tried to load /var/lib/ubuntu-advantage/machine-token.json but file does not exist", {}]
["2025-04-20T21:08:09.295", "DEBUG", "ubuntupro.system", "load_file", 517, "Reading file: /etc/os-release", {}]
["2025-04-20T21:08:09.335", "DEBUG", "ubuntupro.livepatch", "status", 126, "canonical-livepatch is not installed", {}]
["2025-04-20T21:08:09.335", "DEBUG", "ubuntupro.livepatch", "status", 126, "canonical-livepatch is not installed", {}]
["2025-04-20T21:08:09.335", "DEBUG", "ubuntupro.system", "load_file", 517, "Reading file: /proc/version_signature", {}]
["2025-04-20T21:08:09.345", "WARNING", "ubuntupro.system", "_get_kernel_build_date", 131, "Unable to parse build date from uname version", {}]
["2025-04-20T21:08:09.367", "WARNING", "ubuntupro.system", "_get_kernel_changelog_timestamp", 104, "Falling back to using timestamp of kernel changelog", {}]
